  SimpleTriangle.cpp
c:\users\sauron-lp-s\desktop\opengl_study\opengl_study\simpletriangle.cpp(39): warning C4838: conversion from 'double' to 'const GLfloat' requires a narrowing conversion
c:\users\sauron-lp-s\desktop\opengl_study\opengl_study\simpletriangle.cpp(39): warning C4305: 'initializing': truncation from 'double' to 'const GLfloat'
  SimpleTransform.cpp
c:\users\sauron-lp-s\desktop\opengl_study\opengl_study\simpletransform.cpp(80): warning C4838: conversion from 'double' to 'const GLfloat' requires a narrowing conversion
c:\users\sauron-lp-s\desktop\opengl_study\opengl_study\simpletransform.cpp(80): warning C4305: 'initializing': truncation from 'double' to 'const GLfloat'
  SimpleCube.cpp
c:\users\sauron-lp-s\desktop\opengl_study\opengl_study\simplecube.cpp(111): warning C4838: conversion from 'double' to 'const GLfloat' requires a narrowing conversion
c:\users\sauron-lp-s\desktop\opengl_study\opengl_study\simplecube.cpp(111): warning C4305: 'initializing': truncation from 'double' to 'const GLfloat'
  main.cpp
c:\users\sauron-lp-s\desktop\opengl_study\opengl_study\main.cpp(136): warning C4018: '<': signed/unsigned mismatch
  FlyingCamera.cpp
c:\users\sauron-lp-s\desktop\opengl_study\opengl_study\flyingcamera.cpp(27): warning C4838: conversion from 'double' to 'const GLfloat' requires a narrowing conversion
c:\users\sauron-lp-s\desktop\opengl_study\opengl_study\flyingcamera.cpp(27): warning C4305: 'initializing': truncation from 'double' to 'const GLfloat'
  Generating Code...
LINK : warning LNK4098: defaultlib 'MSVCRT' conflicts with use of other libs; use /NODEFAULTLIB:library
LINK : warning LNK4098: defaultlib 'LIBCMT' conflicts with use of other libs; use /NODEFAULTLIB:library
glew32s.lib(glew.obj) : warning LNK4099: PDB 'vc120.pdb' was not found with 'glew32s.lib(glew.obj)' or at 'C:\Users\Sauron-LP-S\Desktop\OpenGL_Study\Debug\vc120.pdb'; linking object as if no debug info
  OpenGL_Study.vcxproj -> C:\Users\Sauron-LP-S\Desktop\OpenGL_Study\Debug\OpenGL_Study.exe
  OpenGL_Study.vcxproj -> C:\Users\Sauron-LP-S\Desktop\OpenGL_Study\Debug\OpenGL_Study.pdb (Partial PDB)
