c:\users\sauron-lp-s\desktop\opengl_study\opengl_study\debug\tmp\vc140.pdb
c:\users\sauron-lp-s\desktop\opengl_study\opengl_study\debug\tmp\vc140.idb
c:\users\sauron-lp-s\desktop\opengl_study\opengl_study\debug\tmp\flyingcamera.obj
c:\users\sauron-lp-s\desktop\opengl_study\opengl_study\debug\tmp\grassinstanced.obj
c:\users\sauron-lp-s\desktop\opengl_study\opengl_study\debug\tmp\indirectdraw.obj
c:\users\sauron-lp-s\desktop\opengl_study\opengl_study\debug\tmp\main.obj
c:\users\sauron-lp-s\desktop\opengl_study\opengl_study\debug\tmp\model.obj
c:\users\sauron-lp-s\desktop\opengl_study\opengl_study\debug\tmp\modelloading.obj
c:\users\sauron-lp-s\desktop\opengl_study\opengl_study\debug\tmp\multicuberendering.obj
c:\users\sauron-lp-s\desktop\opengl_study\opengl_study\debug\tmp\object.obj
c:\users\sauron-lp-s\desktop\opengl_study\opengl_study\debug\tmp\quadinstanced.obj
c:\users\sauron-lp-s\desktop\opengl_study\opengl_study\debug\tmp\simplecube.obj
c:\users\sauron-lp-s\desktop\opengl_study\opengl_study\debug\tmp\simpletexture.obj
c:\users\sauron-lp-s\desktop\opengl_study\opengl_study\debug\tmp\simpletransform.obj
c:\users\sauron-lp-s\desktop\opengl_study\opengl_study\debug\tmp\simpletriangle.obj
c:\users\sauron-lp-s\desktop\opengl_study\opengl_study\debug\tmp\texturedcube.obj
c:\users\sauron-lp-s\desktop\opengl_study\opengl_study\debug\tmp\vertexindexing.obj
c:\users\sauron-lp-s\desktop\opengl_study\debug\opengl_study.ilk
c:\users\sauron-lp-s\desktop\opengl_study\debug\opengl_study.exe
c:\users\sauron-lp-s\desktop\opengl_study\debug\opengl_study.pdb
c:\users\sauron-lp-s\desktop\opengl_study\opengl_study\debug\tmp\opengl_study.tlog\cl.command.1.tlog
c:\users\sauron-lp-s\desktop\opengl_study\opengl_study\debug\tmp\opengl_study.tlog\cl.read.1.tlog
c:\users\sauron-lp-s\desktop\opengl_study\opengl_study\debug\tmp\opengl_study.tlog\cl.write.1.tlog
c:\users\sauron-lp-s\desktop\opengl_study\opengl_study\debug\tmp\opengl_study.tlog\link.command.1.tlog
c:\users\sauron-lp-s\desktop\opengl_study\opengl_study\debug\tmp\opengl_study.tlog\link.read.1.tlog
c:\users\sauron-lp-s\desktop\opengl_study\opengl_study\debug\tmp\opengl_study.tlog\link.write.1.tlog
