c:\users\sauron-lp-s\desktop\opengl_study\opengl_study\release\vc140.pdb
c:\users\sauron-lp-s\desktop\opengl_study\opengl_study\release\vertexindexing.obj
c:\users\sauron-lp-s\desktop\opengl_study\opengl_study\release\texturedcube.obj
c:\users\sauron-lp-s\desktop\opengl_study\opengl_study\release\simpletriangle.obj
c:\users\sauron-lp-s\desktop\opengl_study\opengl_study\release\simpletransform.obj
c:\users\sauron-lp-s\desktop\opengl_study\opengl_study\release\simpletexture.obj
c:\users\sauron-lp-s\desktop\opengl_study\opengl_study\release\simplecube.obj
c:\users\sauron-lp-s\desktop\opengl_study\opengl_study\release\quadinstanced.obj
c:\users\sauron-lp-s\desktop\opengl_study\opengl_study\release\physicscubes.obj
c:\users\sauron-lp-s\desktop\opengl_study\opengl_study\release\object.obj
c:\users\sauron-lp-s\desktop\opengl_study\opengl_study\release\multicuberendering.obj
c:\users\sauron-lp-s\desktop\opengl_study\opengl_study\release\modelloading.obj
c:\users\sauron-lp-s\desktop\opengl_study\opengl_study\release\model.obj
c:\users\sauron-lp-s\desktop\opengl_study\opengl_study\release\main.obj
c:\users\sauron-lp-s\desktop\opengl_study\opengl_study\release\indirectdraw.obj
c:\users\sauron-lp-s\desktop\opengl_study\opengl_study\release\grassinstanced.obj
c:\users\sauron-lp-s\desktop\opengl_study\opengl_study\release\flyingcamera.obj
c:\users\sauron-lp-s\desktop\opengl_study\opengl_study\release\camera.obj
c:\users\sauron-lp-s\desktop\opengl_study\opengl_study\release\bulletdebugrender.obj
c:\users\sauron-lp-s\desktop\opengl_study\release\opengl_study.exe
c:\users\sauron-lp-s\desktop\opengl_study\release\opengl_study.ipdb
c:\users\sauron-lp-s\desktop\opengl_study\release\opengl_study.iobj
c:\users\sauron-lp-s\desktop\opengl_study\release\opengl_study.pdb
c:\users\sauron-lp-s\desktop\opengl_study\opengl_study\release\opengl_study.tlog\cl.command.1.tlog
c:\users\sauron-lp-s\desktop\opengl_study\opengl_study\release\opengl_study.tlog\cl.read.1.tlog
c:\users\sauron-lp-s\desktop\opengl_study\opengl_study\release\opengl_study.tlog\cl.write.1.tlog
c:\users\sauron-lp-s\desktop\opengl_study\opengl_study\release\opengl_study.tlog\link.command.1.tlog
c:\users\sauron-lp-s\desktop\opengl_study\opengl_study\release\opengl_study.tlog\link.read.1.tlog
c:\users\sauron-lp-s\desktop\opengl_study\opengl_study\release\opengl_study.tlog\link.write.1.tlog
