  FlyingCamera.cpp
C:\vs_dev_lib\glm-0.9.7.6\glm/simd/platform.h(106): warning C4005: 'GLM_COMPILER_GCC60': macro redefinition
  c:\vs_dev_lib\glm-0.9.7.6\glm\detail\setup.hpp(156): note: see previous definition of 'GLM_COMPILER_GCC60'
c:\users\sauron-lp-s\desktop\opengl_study\opengl_study\stdafx.h(47): warning C4838: conversion from 'double' to 'const GLfloat' requires a narrowing conversion
c:\users\sauron-lp-s\desktop\opengl_study\opengl_study\stdafx.h(47): warning C4305: 'initializing': truncation from 'double' to 'const GLfloat'
FlyingCamera.cpp(110): warning C4244: '+=': conversion from 'double' to 'float', possible loss of data
FlyingCamera.cpp(114): warning C4244: '-=': conversion from 'double' to 'float', possible loss of data
FlyingCamera.cpp(126): warning C4244: 'argument': conversion from 'double' to 'const float', possible loss of data
FlyingCamera.cpp(128): warning C4244: 'argument': conversion from 'double' to 'const float', possible loss of data
  PhysicsCubes.cpp
C:\vs_dev_lib\glm-0.9.7.6\glm/simd/platform.h(106): warning C4005: 'GLM_COMPILER_GCC60': macro redefinition
  c:\vs_dev_lib\glm-0.9.7.6\glm\detail\setup.hpp(156): note: see previous definition of 'GLM_COMPILER_GCC60'
c:\users\sauron-lp-s\desktop\opengl_study\opengl_study\stdafx.h(47): warning C4838: conversion from 'double' to 'const GLfloat' requires a narrowing conversion
c:\users\sauron-lp-s\desktop\opengl_study\opengl_study\stdafx.h(47): warning C4305: 'initializing': truncation from 'double' to 'const GLfloat'
c:\vs_dev_lib\bullet3\src\LinearMath/btIDebugDraw.h(169): warning C4305: 'argument': truncation from 'double' to 'const btScalar'
c:\vs_dev_lib\bullet3\src\LinearMath/btIDebugDraw.h(170): warning C4305: 'argument': truncation from 'double' to 'const btScalar'
c:\vs_dev_lib\bullet3\src\LinearMath/btIDebugDraw.h(171): warning C4305: 'argument': truncation from 'double' to 'const btScalar'
LINK : warning LNK4098: defaultlib 'LIBCMT' conflicts with use of other libs; use /NODEFAULTLIB:library
  Generating code
  2 of 999 functions ( 0.2%) were compiled, the rest were copied from previous compilation.
    0 functions were new in current compilation
    0 functions had inline decision re-evaluated but remain unchanged
  Finished generating code
glew32s.lib(glew.obj) : warning LNK4099: PDB 'vc120.pdb' was not found with 'glew32s.lib(glew.obj)' or at 'C:\Users\Sauron-LP-S\Desktop\OpenGL_Study\Release\vc120.pdb'; linking object as if no debug info
  OpenGL_Study.vcxproj -> C:\Users\Sauron-LP-S\Desktop\OpenGL_Study\Release\OpenGL_Study.exe
  OpenGL_Study.vcxproj -> C:\Users\Sauron-LP-S\Desktop\OpenGL_Study\Release\OpenGL_Study.pdb (Full PDB)
